<?xml version="1.0" encoding="UTF-8"?>
<testsuite name="edu.uiowa.BasicFunctionalityTest" tests="2" skipped="0" failures="0" errors="0" timestamp="2018-12-11T07:23:52" hostname="DESKTOP-CK0QL84" time="0.396">
  <properties/>
  <testcase name="checkGameProcess" classname="edu.uiowa.BasicFunctionalityTest" time="0.275"/>
  <testcase name="checkAiNames" classname="edu.uiowa.BasicFunctionalityTest" time="0.121"/>
  <system-out><![CDATA[]]></system-out>
  <system-err><![CDATA[]]></system-err>
</testsuite>
