<?xml version="1.0" encoding="UTF-8"?>
<testsuite name="edu.uiowa.MinimaxTest" tests="3" skipped="0" failures="0" errors="0" timestamp="2018-12-11T07:23:52" hostname="DESKTOP-CK0QL84" time="0.023">
  <properties/>
  <testcase name="checkMinimax1" classname="edu.uiowa.MinimaxTest" time="0.019"/>
  <testcase name="checkMinimax2" classname="edu.uiowa.MinimaxTest" time="0.004"/>
  <testcase name="checkMinimax3" classname="edu.uiowa.MinimaxTest" time="0.0"/>
  <system-out><![CDATA[]]></system-out>
  <system-err><![CDATA[]]></system-err>
</testsuite>
